----------------------------------------
Timestamp: 2016/12/16 8:18:34-Message: Upload
----------------------------------------
----------------------------------------
Timestamp: 2016/12/16 8:18:35-Message: 远程数据库连接:Data Source=118.178.228.206;Initial Catalog=XHTraceBack;User ID=sa;Password=J!Xshn8081
----------------------------------------
----------------------------------------
Timestamp: 2016/12/16 9:22:58-Message: Upload
----------------------------------------
----------------------------------------
Timestamp: 2016/12/16 9:23:01-Message: 远程数据库连接:Data Source=118.178.228.206;Initial Catalog=XHTraceBack;User ID=sa;Password=J!Xshn8081
----------------------------------------
----------------------------------------
Timestamp: 2016/12/16 9:32:19-Message: Upload
----------------------------------------
----------------------------------------
Timestamp: 2016/12/16 9:32:19-Message: 远程数据库连接:Data Source=118.178.228.206;Initial Catalog=XHTraceBack;User ID=sa;Password=J!Xshn8081
----------------------------------------
----------------------------------------
Timestamp: 2016/12/16 9:35:54-Message: Upload
----------------------------------------
----------------------------------------
Timestamp: 2016/12/16 9:35:54-Message: 远程数据库连接:Data Source=118.178.228.206;Initial Catalog=XHTraceBack;User ID=sa;Password=J!Xshn8081
----------------------------------------
----------------------------------------
Timestamp: 2016/12/16 9:35:55-Message: ProductID:;MaxRegTime:1900-01-01 00:00:00.000
----------------------------------------
----------------------------------------
Timestamp: 2016/12/16 9:35:55-Message: 已经执行数据传输
----------------------------------------
----------------------------------------
Timestamp: 2016/12/16 9:38:49-Message: Upload
----------------------------------------
----------------------------------------
Timestamp: 2016/12/16 9:38:50-Message: 远程数据库连接:Data Source=118.178.228.206;Initial Catalog=XHTraceBack;User ID=sa;Password=J!Xshn8081
----------------------------------------
----------------------------------------
Timestamp: 2016/12/16 9:38:50-Message: ProductID:446,307,559,287,340,285,209,432,203,453,221,327,325,329,255,258,454;MaxRegTime:1900-01-01 00:00:00.000
----------------------------------------
----------------------------------------
Timestamp: 2016/12/16 9:38:51-Message: 已经执行数据传输
----------------------------------------
----------------------------------------
Timestamp: 2016/12/16 9:55:31-Message: Upload
----------------------------------------
----------------------------------------
Timestamp: 2016/12/16 9:55:31-Message: 远程数据库连接:Data Source=118.178.228.206;Initial Catalog=XHTraceBack;User ID=sa;Password=J!Xshn8081
----------------------------------------
----------------------------------------
Timestamp: 2016/12/16 9:55:31-Message: ProductID:446,307,559,287,340,285,209,432,203,453,221,327,325,329,255,258,454;MaxRegTime:1900-01-01 00:00:00.000
----------------------------------------
----------------------------------------
Timestamp: 2016/12/16 9:55:32-Message: 已经执行数据传输
----------------------------------------
----------------------------------------
Timestamp: 2016/12/16 10:12:12-Message: Upload
----------------------------------------
----------------------------------------
Timestamp: 2016/12/16 10:12:12-Message: 远程数据库连接:Data Source=118.178.228.206;Initial Catalog=XHTraceBack;User ID=sa;Password=J!Xshn8081
----------------------------------------
----------------------------------------
Timestamp: 2016/12/16 10:12:13-Message: ProductID:446,307,559,287,340,285,209,432,203,453,221,327,325,329,255,258,454;MaxRegTime:2016-03-20 09:55:24.250
----------------------------------------
----------------------------------------
Timestamp: 2016/12/16 10:12:14-Message: 已经执行数据传输
----------------------------------------
----------------------------------------
Timestamp: 2016/12/16 10:28:54-Message: Upload
----------------------------------------
----------------------------------------
Timestamp: 2016/12/16 10:28:54-Message: 远程数据库连接:Data Source=118.178.228.206;Initial Catalog=XHTraceBack;User ID=sa;Password=J!Xshn8081
----------------------------------------
----------------------------------------
Timestamp: 2016/12/16 10:28:54-Message: ProductID:446,307,559,287,340,285,209,432,203,453,221,327,325,329,255,258,454;MaxRegTime:2016-03-20 09:55:24.250
----------------------------------------
----------------------------------------
Timestamp: 2016/12/16 10:28:55-Message: 已经执行数据传输
----------------------------------------
----------------------------------------
Timestamp: 2016/12/16 10:45:35-Message: Upload
----------------------------------------
----------------------------------------
Timestamp: 2016/12/16 10:45:35-Message: 远程数据库连接:Data Source=118.178.228.206;Initial Catalog=XHTraceBack;User ID=sa;Password=J!Xshn8081
----------------------------------------
----------------------------------------
Timestamp: 2016/12/16 10:45:35-Message: ProductID:446,307,559,287,340,285,209,432,203,453,221,327,325,329,255,258,454;MaxRegTime:2016-03-20 09:55:24.250
----------------------------------------
----------------------------------------
Timestamp: 2016/12/16 10:45:36-Message: 已经执行数据传输
----------------------------------------
----------------------------------------
Timestamp: 2016/12/16 11:02:16-Message: Upload
----------------------------------------
----------------------------------------
Timestamp: 2016/12/16 11:02:16-Message: 远程数据库连接:Data Source=118.178.228.206;Initial Catalog=XHTraceBack;User ID=sa;Password=J!Xshn8081
----------------------------------------
----------------------------------------
Timestamp: 2016/12/16 11:02:16-Message: ProductID:446,307,559,287,340,285,209,432,203,453,221,327,325,329,255,258,454;MaxRegTime:2016-03-20 09:55:24.250
----------------------------------------
----------------------------------------
Timestamp: 2016/12/16 11:02:16-Message: 已经执行数据传输
----------------------------------------
----------------------------------------
Timestamp: 2016/12/16 11:18:56-Message: Upload
----------------------------------------
----------------------------------------
Timestamp: 2016/12/16 11:18:56-Message: 远程数据库连接:Data Source=118.178.228.206;Initial Catalog=XHTraceBack;User ID=sa;Password=J!Xshn8081
----------------------------------------
----------------------------------------
Timestamp: 2016/12/16 11:18:57-Message: ProductID:446,307,559,287,340,285,209,432,203,453,221,327,325,329,255,258,454;MaxRegTime:2016-03-20 09:55:24.250
----------------------------------------
----------------------------------------
Timestamp: 2016/12/16 11:18:57-Message: 已经执行数据传输
----------------------------------------
----------------------------------------
Timestamp: 2016/12/16 11:35:37-Message: Upload
----------------------------------------
----------------------------------------
Timestamp: 2016/12/16 11:35:37-Message: 远程数据库连接:Data Source=118.178.228.206;Initial Catalog=XHTraceBack;User ID=sa;Password=J!Xshn8081
----------------------------------------
----------------------------------------
Timestamp: 2016/12/16 11:35:37-Message: ProductID:446,307,559,287,340,285,209,432,203,453,221,327,325,329,255,258,454;MaxRegTime:2016-03-20 09:55:24.250
----------------------------------------
----------------------------------------
Timestamp: 2016/12/16 11:35:38-Message: 已经执行数据传输
----------------------------------------
----------------------------------------
Timestamp: 2016/12/16 11:52:18-Message: Upload
----------------------------------------
----------------------------------------
Timestamp: 2016/12/16 11:52:18-Message: 远程数据库连接:Data Source=118.178.228.206;Initial Catalog=XHTraceBack;User ID=sa;Password=J!Xshn8081
----------------------------------------
----------------------------------------
Timestamp: 2016/12/16 11:52:18-Message: ProductID:446,307,559,287,340,285,209,432,203,453,221,327,325,329,255,258,454;MaxRegTime:2016-03-20 09:55:24.250
----------------------------------------
----------------------------------------
Timestamp: 2016/12/16 11:52:19-Message: 已经执行数据传输
----------------------------------------
----------------------------------------
Timestamp: 2016/12/16 12:08:59-Message: Upload
----------------------------------------
----------------------------------------
Timestamp: 2016/12/16 12:08:59-Message: 远程数据库连接:Data Source=118.178.228.206;Initial Catalog=XHTraceBack;User ID=sa;Password=J!Xshn8081
----------------------------------------
----------------------------------------
Timestamp: 2016/12/16 12:09:43-Message: 在与 SQL Server 建立连接时出现与网络相关的或特定于实例的错误。未找到或无法访问服务器。请验证实例名称是否正确并且 SQL Server 已配置为允许远程连接。 (provider: Named Pipes Provider, error: 40 - 无法打开到 SQL Server 的连接)
----------------------------------------
